<?xml version="1.0" encoding="UTF-8"?>
<!-- Generated by org.testng.reporters.JUnitReportReporter -->
<testsuite hostname="DESKTOP-PN0RVR2" name="pkg1.CrossBrowser" tests="2" failures="0" timestamp="4 Mar 2021 09:38:49 GMT" time="30.025" errors="0">
  <testcase name="demo" time="17.101" classname="pkg1.CrossBrowser"/>
  <testcase name="demo" time="12.924" classname="pkg1.CrossBrowser"/>
</testsuite> <!-- pkg1.CrossBrowser -->
